[07/Oct/2018:19:01:55] ENGINE Listening for SIGTERM.
[07/Oct/2018:19:01:55] ENGINE Bus STARTING
[07/Oct/2018:19:01:55] ENGINE Set handler for console events.
[07/Oct/2018:19:01:55] ENGINE Started monitor thread 'Autoreloader'.
[07/Oct/2018:19:01:55] ENGINE Serving on http://127.0.0.1:8080
[07/Oct/2018:19:01:55] ENGINE Bus STARTED
[07/Oct/2018:19:02:06]  This was logged from cherrypy!
[07/Oct/2018:19:02:23] ENGINE Restarting because C:\Users\Cyber\Desktop\CherryCourse\Part_14\HardcoreLogging.py changed.
[07/Oct/2018:19:02:23] ENGINE Stopped thread 'Autoreloader'.
[07/Oct/2018:19:02:23] ENGINE Bus STOPPING
[07/Oct/2018:19:02:23] ENGINE HTTP Server cherrypy._cpwsgi_server.CPWSGIServer(('127.0.0.1', 8080)) shut down
[07/Oct/2018:19:02:23] ENGINE Removed handler for console events.
[07/Oct/2018:19:02:23] ENGINE Bus STOPPED
[07/Oct/2018:19:02:23] ENGINE Bus EXITING
[07/Oct/2018:19:02:23] ENGINE Waiting for child threads to terminate...
[07/Oct/2018:19:02:23] ENGINE Bus EXITED
[07/Oct/2018:19:02:23] ENGINE Re-spawning C:\Users\Cyber\Desktop\CherryCourse\cherrydemo\Scripts\python.exe HardcoreLogging.py
[07/Oct/2018:19:02:24] ENGINE Listening for SIGTERM.
[07/Oct/2018:19:02:24] ENGINE Bus STARTING
[07/Oct/2018:19:02:24] ENGINE Set handler for console events.
[07/Oct/2018:19:02:24] ENGINE Started monitor thread 'Autoreloader'.
[07/Oct/2018:19:02:24] ENGINE Serving on http://127.0.0.1:8080
[07/Oct/2018:19:02:24] ENGINE Bus STARTED
[07/Oct/2018:19:02:30]  This was logged from cherrypy!
[07/Oct/2018:19:09:27] ENGINE Console event 0: shutting down bus
[07/Oct/2018:19:09:27] ENGINE Removed handler for console events.
[07/Oct/2018:19:09:27] ENGINE Bus STOPPING
[07/Oct/2018:19:09:27] ENGINE HTTP Server cherrypy._cpwsgi_server.CPWSGIServer(('127.0.0.1', 8080)) shut down
[07/Oct/2018:19:09:27] ENGINE Stopped thread 'Autoreloader'.
[07/Oct/2018:19:09:27] ENGINE Handler for console events already off.
[07/Oct/2018:19:09:27] ENGINE Bus STOPPED
[07/Oct/2018:19:09:27] ENGINE Bus EXITING
[07/Oct/2018:19:09:27] ENGINE Waiting for child threads to terminate...
[07/Oct/2018:19:09:27] ENGINE Bus EXITED
